<?xml version="1.0" encoding="UTF-8"?>
<testng-results ignored="0" total="1" passed="1" failed="0" skipped="0">
  <reporter-output>
  </reporter-output>
  <suite started-at="2024-05-21T15:11:54 IST" name="Default suite" finished-at="2024-05-21T15:12:07 IST" duration-ms="13422">
    <groups>
    </groups>
    <test started-at="2024-05-21T15:11:54 IST" name="Default test" finished-at="2024-05-21T15:12:07 IST" duration-ms="13422">
      <class name="orikanTest.Orikan_Tests">
        <test-method is-config="true" signature="setupBrowser()[pri:0, instance:orikanTest.Orikan_Tests@1aa7ecca]" started-at="2024-05-21T15:11:54 IST" name="setupBrowser" finished-at="2024-05-21T15:12:01 IST" duration-ms="7726" status="PASS">
          <reporter-output>
          </reporter-output>
        </test-method> <!-- setupBrowser -->
        <test-method signature="orikanTestCases()[pri:0, instance:orikanTest.Orikan_Tests@1aa7ecca]" started-at="2024-05-21T15:12:01 IST" name="orikanTestCases" finished-at="2024-05-21T15:12:07 IST" duration-ms="5586" status="PASS">
          <reporter-output>
          </reporter-output>
        </test-method> <!-- orikanTestCases -->
        <test-method is-config="true" signature="tearDownBrowser()[pri:0, instance:orikanTest.Orikan_Tests@1aa7ecca]" started-at="2024-05-21T15:12:07 IST" name="tearDownBrowser" finished-at="2024-05-21T15:12:07 IST" duration-ms="0" status="PASS">
          <reporter-output>
          </reporter-output>
        </test-method> <!-- tearDownBrowser -->
      </class> <!-- orikanTest.Orikan_Tests -->
    </test> <!-- Default test -->
  </suite> <!-- Default suite -->
</testng-results>
